<?xml version="1.0" encoding="UTF-8"?>
<!-- Generated by org.testng.reporters.JUnitReportReporter -->
<testsuite hostname="W81PC" failures="0" tests="1" name="Tests.AboutLinkTest" time="1.132" errors="0" timestamp="2021-07-19T15:49:44 MDT" skipped="0">
  <testcase classname="Tests.AboutLinkTest" name="AboutLinkTest" time="1.132"/>
  <system-out/>
</testsuite> <!-- Tests.AboutLinkTest -->
